mode: set
github.com/devtron-labs/git-sensor/pkg/git/GitCliUtil.go:25.53,29.2 1 1
github.com/devtron-labs/git-sensor/pkg/git/GitCliUtil.go:33.105,39.2 5 1
github.com/devtron-labs/git-sensor/pkg/git/GitCliUtil.go:41.99,47.2 5 0
github.com/devtron-labs/git-sensor/pkg/git/GitCliUtil.go:49.120,56.2 2 1
github.com/devtron-labs/git-sensor/pkg/git/GitCliUtil.go:58.85,61.16 3 1
github.com/devtron-labs/git-sensor/pkg/git/GitCliUtil.go:70.2,72.24 3 1
github.com/devtron-labs/git-sensor/pkg/git/GitCliUtil.go:61.16,64.10 3 1
github.com/devtron-labs/git-sensor/pkg/git/GitCliUtil.go:67.3,68.28 2 1
github.com/devtron-labs/git-sensor/pkg/git/GitCliUtil.go:64.10,66.4 1 0
github.com/devtron-labs/git-sensor/pkg/git/GitCliUtil.go:75.80,79.16 2 1
github.com/devtron-labs/git-sensor/pkg/git/GitCliUtil.go:82.2,83.16 2 1
github.com/devtron-labs/git-sensor/pkg/git/GitCliUtil.go:86.2,90.12 2 1
github.com/devtron-labs/git-sensor/pkg/git/GitCliUtil.go:79.16,81.3 1 0
github.com/devtron-labs/git-sensor/pkg/git/GitCliUtil.go:83.16,85.3 1 0
github.com/devtron-labs/git-sensor/pkg/git/GitCliUtil.go:93.121,100.2 6 1
github.com/devtron-labs/git-sensor/pkg/git/RepositoryManager.go:57.138,59.2 1 1
github.com/devtron-labs/git-sensor/pkg/git/RepositoryManager.go:61.169,64.15 3 1
github.com/devtron-labs/git-sensor/pkg/git/RepositoryManager.go:67.2,68.16 2 1
github.com/devtron-labs/git-sensor/pkg/git/RepositoryManager.go:72.2,73.16 2 1
github.com/devtron-labs/git-sensor/pkg/git/RepositoryManager.go:79.2,79.35 1 1
github.com/devtron-labs/git-sensor/pkg/git/RepositoryManager.go:86.2,87.16 2 1
github.com/devtron-labs/git-sensor/pkg/git/RepositoryManager.go:91.2,92.12 2 1
github.com/devtron-labs/git-sensor/pkg/git/RepositoryManager.go:64.15,66.3 1 1
github.com/devtron-labs/git-sensor/pkg/git/RepositoryManager.go:68.16,71.3 2 0
github.com/devtron-labs/git-sensor/pkg/git/RepositoryManager.go:73.16,76.3 2 0
github.com/devtron-labs/git-sensor/pkg/git/RepositoryManager.go:79.35,81.17 2 1
github.com/devtron-labs/git-sensor/pkg/git/RepositoryManager.go:81.17,83.4 1 0
github.com/devtron-labs/git-sensor/pkg/git/RepositoryManager.go:87.16,90.3 2 1
github.com/devtron-labs/git-sensor/pkg/git/RepositoryManager.go:95.59,98.15 3 1
github.com/devtron-labs/git-sensor/pkg/git/RepositoryManager.go:101.2,102.12 2 1
github.com/devtron-labs/git-sensor/pkg/git/RepositoryManager.go:98.15,100.3 1 1
github.com/devtron-labs/git-sensor/pkg/git/RepositoryManager.go:105.122,112.16 4 0
github.com/devtron-labs/git-sensor/pkg/git/RepositoryManager.go:117.2,117.18 1 0
github.com/devtron-labs/git-sensor/pkg/git/RepositoryManager.go:112.16,114.3 1 0
github.com/devtron-labs/git-sensor/pkg/git/RepositoryManager.go:114.8,116.3 1 0
github.com/devtron-labs/git-sensor/pkg/git/RepositoryManager.go:120.142,122.15 2 1
github.com/devtron-labs/git-sensor/pkg/git/RepositoryManager.go:125.2,127.16 3 1
github.com/devtron-labs/git-sensor/pkg/git/RepositoryManager.go:130.2,131.32 2 1
github.com/devtron-labs/git-sensor/pkg/git/RepositoryManager.go:122.15,124.3 1 1
github.com/devtron-labs/git-sensor/pkg/git/RepositoryManager.go:127.16,129.3 1 1
github.com/devtron-labs/git-sensor/pkg/git/RepositoryManager.go:131.32,136.3 3 1
github.com/devtron-labs/git-sensor/pkg/git/RepositoryManager.go:136.8,136.40 1 1
github.com/devtron-labs/git-sensor/pkg/git/RepositoryManager.go:136.40,140.3 3 1
github.com/devtron-labs/git-sensor/pkg/git/RepositoryManager.go:140.8,144.3 3 1
github.com/devtron-labs/git-sensor/pkg/git/RepositoryManager.go:148.97,151.15 3 1
github.com/devtron-labs/git-sensor/pkg/git/RepositoryManager.go:154.2,156.16 3 1
github.com/devtron-labs/git-sensor/pkg/git/RepositoryManager.go:159.2,160.16 2 1
github.com/devtron-labs/git-sensor/pkg/git/RepositoryManager.go:164.2,165.16 2 1
github.com/devtron-labs/git-sensor/pkg/git/RepositoryManager.go:169.2,175.23 2 1
github.com/devtron-labs/git-sensor/pkg/git/RepositoryManager.go:151.15,153.3 1 1
github.com/devtron-labs/git-sensor/pkg/git/RepositoryManager.go:156.16,158.3 1 1
github.com/devtron-labs/git-sensor/pkg/git/RepositoryManager.go:160.16,163.3 2 1
github.com/devtron-labs/git-sensor/pkg/git/RepositoryManager.go:165.16,168.3 2 0
github.com/devtron-labs/git-sensor/pkg/git/RepositoryManager.go:178.106,181.15 3 1
github.com/devtron-labs/git-sensor/pkg/git/RepositoryManager.go:184.2,185.16 2 1
github.com/devtron-labs/git-sensor/pkg/git/RepositoryManager.go:188.2,189.16 2 1
github.com/devtron-labs/git-sensor/pkg/git/RepositoryManager.go:193.2,199.23 2 1
github.com/devtron-labs/git-sensor/pkg/git/RepositoryManager.go:181.15,183.3 1 1
github.com/devtron-labs/git-sensor/pkg/git/RepositoryManager.go:185.16,187.3 1 1
github.com/devtron-labs/git-sensor/pkg/git/RepositoryManager.go:189.16,192.3 2 1
github.com/devtron-labs/git-sensor/pkg/git/RepositoryManager.go:204.160,210.15 3 1
github.com/devtron-labs/git-sensor/pkg/git/RepositoryManager.go:213.2,213.46 1 1
github.com/devtron-labs/git-sensor/pkg/git/RepositoryManager.go:217.2,219.56 3 1
github.com/devtron-labs/git-sensor/pkg/git/RepositoryManager.go:226.2,227.16 2 1
github.com/devtron-labs/git-sensor/pkg/git/RepositoryManager.go:231.2,235.6 5 1
github.com/devtron-labs/git-sensor/pkg/git/RepositoryManager.go:291.2,291.24 1 1
github.com/devtron-labs/git-sensor/pkg/git/RepositoryManager.go:210.15,212.3 1 1
github.com/devtron-labs/git-sensor/pkg/git/RepositoryManager.go:213.46,215.3 1 1
github.com/devtron-labs/git-sensor/pkg/git/RepositoryManager.go:219.56,222.3 2 1
github.com/devtron-labs/git-sensor/pkg/git/RepositoryManager.go:222.8,222.23 1 1
github.com/devtron-labs/git-sensor/pkg/git/RepositoryManager.go:222.23,225.3 2 0
github.com/devtron-labs/git-sensor/pkg/git/RepositoryManager.go:227.16,230.3 2 0
github.com/devtron-labs/git-sensor/pkg/git/RepositoryManager.go:235.6,236.16 1 1
github.com/devtron-labs/git-sensor/pkg/git/RepositoryManager.go:240.3,240.10 1 1
github.com/devtron-labs/git-sensor/pkg/git/RepositoryManager.go:236.16,237.9 1 1
github.com/devtron-labs/git-sensor/pkg/git/RepositoryManager.go:240.10,241.53 1 1
github.com/devtron-labs/git-sensor/pkg/git/RepositoryManager.go:245.4,246.21 2 1
github.com/devtron-labs/git-sensor/pkg/git/RepositoryManager.go:250.4,250.18 1 1
github.com/devtron-labs/git-sensor/pkg/git/RepositoryManager.go:255.4,255.67 1 1
github.com/devtron-labs/git-sensor/pkg/git/RepositoryManager.go:258.4,258.21 1 1
github.com/devtron-labs/git-sensor/pkg/git/RepositoryManager.go:261.4,261.53 1 1
github.com/devtron-labs/git-sensor/pkg/git/RepositoryManager.go:266.4,276.42 6 1
github.com/devtron-labs/git-sensor/pkg/git/RepositoryManager.go:241.53,244.5 2 1
github.com/devtron-labs/git-sensor/pkg/git/RepositoryManager.go:246.21,249.5 2 0
github.com/devtron-labs/git-sensor/pkg/git/RepositoryManager.go:250.18,254.5 3 0
github.com/devtron-labs/git-sensor/pkg/git/RepositoryManager.go:255.67,257.5 1 1
github.com/devtron-labs/git-sensor/pkg/git/RepositoryManager.go:258.21,260.5 1 1
github.com/devtron-labs/git-sensor/pkg/git/RepositoryManager.go:261.53,265.5 2 0
github.com/devtron-labs/git-sensor/pkg/git/RepositoryManager.go:276.42,277.18 1 1
github.com/devtron-labs/git-sensor/pkg/git/RepositoryManager.go:283.5,284.19 2 1
github.com/devtron-labs/git-sensor/pkg/git/RepositoryManager.go:287.5,287.33 1 1
github.com/devtron-labs/git-sensor/pkg/git/RepositoryManager.go:277.18,278.38 1 1
github.com/devtron-labs/git-sensor/pkg/git/RepositoryManager.go:278.38,280.7 1 0
github.com/devtron-labs/git-sensor/pkg/git/RepositoryManager.go:284.19,286.6 1 0
github.com/devtron-labs/git-sensor/pkg/git/RepositoryManager.go:294.141,297.15 3 1
github.com/devtron-labs/git-sensor/pkg/git/RepositoryManager.go:300.2,300.16 1 1
github.com/devtron-labs/git-sensor/pkg/git/RepositoryManager.go:303.2,304.16 2 1
github.com/devtron-labs/git-sensor/pkg/git/RepositoryManager.go:308.2,308.66 1 1
github.com/devtron-labs/git-sensor/pkg/git/RepositoryManager.go:297.15,299.3 1 1
github.com/devtron-labs/git-sensor/pkg/git/RepositoryManager.go:300.16,302.3 1 1
github.com/devtron-labs/git-sensor/pkg/git/RepositoryManager.go:304.16,306.3 1 1
github.com/devtron-labs/git-sensor/pkg/git/RepositoryManager.go:325.153,328.15 3 1
github.com/devtron-labs/git-sensor/pkg/git/RepositoryManager.go:331.2,333.16 3 1
github.com/devtron-labs/git-sensor/pkg/git/RepositoryManager.go:336.2,339.16 4 1
github.com/devtron-labs/git-sensor/pkg/git/RepositoryManager.go:342.2,343.16 2 1
github.com/devtron-labs/git-sensor/pkg/git/RepositoryManager.go:346.2,347.16 2 1
github.com/devtron-labs/git-sensor/pkg/git/RepositoryManager.go:350.2,351.16 2 1
github.com/devtron-labs/git-sensor/pkg/git/RepositoryManager.go:354.2,355.16 2 1
github.com/devtron-labs/git-sensor/pkg/git/RepositoryManager.go:359.2,360.16 2 1
github.com/devtron-labs/git-sensor/pkg/git/RepositoryManager.go:363.2,364.28 2 1
github.com/devtron-labs/git-sensor/pkg/git/RepositoryManager.go:371.2,375.24 5 1
github.com/devtron-labs/git-sensor/pkg/git/RepositoryManager.go:328.15,330.3 1 1
github.com/devtron-labs/git-sensor/pkg/git/RepositoryManager.go:333.16,335.3 1 1
github.com/devtron-labs/git-sensor/pkg/git/RepositoryManager.go:339.16,341.3 1 1
github.com/devtron-labs/git-sensor/pkg/git/RepositoryManager.go:343.16,345.3 1 1
github.com/devtron-labs/git-sensor/pkg/git/RepositoryManager.go:347.16,349.3 1 0
github.com/devtron-labs/git-sensor/pkg/git/RepositoryManager.go:351.16,353.3 1 0
github.com/devtron-labs/git-sensor/pkg/git/RepositoryManager.go:355.16,358.3 2 0
github.com/devtron-labs/git-sensor/pkg/git/RepositoryManager.go:360.16,362.3 1 0
github.com/devtron-labs/git-sensor/pkg/git/RepositoryManager.go:364.28,366.54 2 1
github.com/devtron-labs/git-sensor/pkg/git/RepositoryManager.go:369.3,369.69 1 1
github.com/devtron-labs/git-sensor/pkg/git/RepositoryManager.go:366.54,368.4 1 0
github.com/devtron-labs/git-sensor/pkg/git/RepositoryManager.go:378.153,382.15 3 1
github.com/devtron-labs/git-sensor/pkg/git/RepositoryManager.go:385.2,386.16 2 1
github.com/devtron-labs/git-sensor/pkg/git/RepositoryManager.go:392.2,393.16 2 1
github.com/devtron-labs/git-sensor/pkg/git/RepositoryManager.go:398.2,398.12 1 1
github.com/devtron-labs/git-sensor/pkg/git/RepositoryManager.go:382.15,384.3 1 1
github.com/devtron-labs/git-sensor/pkg/git/RepositoryManager.go:386.16,389.3 2 0
github.com/devtron-labs/git-sensor/pkg/git/RepositoryManager.go:393.16,396.3 2 0
github.com/devtron-labs/git-sensor/pkg/git/RepositoryManager.go:401.111,407.16 5 1
github.com/devtron-labs/git-sensor/pkg/git/RepositoryManager.go:410.2,411.16 2 1
github.com/devtron-labs/git-sensor/pkg/git/RepositoryManager.go:415.2,417.6 3 1
github.com/devtron-labs/git-sensor/pkg/git/RepositoryManager.go:426.2,429.29 3 1
github.com/devtron-labs/git-sensor/pkg/git/RepositoryManager.go:468.2,469.30 2 1
github.com/devtron-labs/git-sensor/pkg/git/RepositoryManager.go:472.2,472.21 1 1
github.com/devtron-labs/git-sensor/pkg/git/RepositoryManager.go:407.16,409.3 1 0
github.com/devtron-labs/git-sensor/pkg/git/RepositoryManager.go:411.16,413.3 1 0
github.com/devtron-labs/git-sensor/pkg/git/RepositoryManager.go:417.6,419.20 2 1
github.com/devtron-labs/git-sensor/pkg/git/RepositoryManager.go:422.3,422.42 1 1
github.com/devtron-labs/git-sensor/pkg/git/RepositoryManager.go:419.20,420.9 1 1
github.com/devtron-labs/git-sensor/pkg/git/RepositoryManager.go:422.42,424.4 1 1
github.com/devtron-labs/git-sensor/pkg/git/RepositoryManager.go:429.29,432.69 2 1
github.com/devtron-labs/git-sensor/pkg/git/RepositoryManager.go:437.3,437.65 1 1
github.com/devtron-labs/git-sensor/pkg/git/RepositoryManager.go:441.3,443.17 2 1
github.com/devtron-labs/git-sensor/pkg/git/RepositoryManager.go:447.3,447.38 1 1
github.com/devtron-labs/git-sensor/pkg/git/RepositoryManager.go:451.3,453.23 2 1
github.com/devtron-labs/git-sensor/pkg/git/RepositoryManager.go:456.3,457.35 2 1
github.com/devtron-labs/git-sensor/pkg/git/RepositoryManager.go:460.3,462.23 3 1
github.com/devtron-labs/git-sensor/pkg/git/RepositoryManager.go:432.69,434.12 2 0
github.com/devtron-labs/git-sensor/pkg/git/RepositoryManager.go:437.65,439.12 2 0
github.com/devtron-labs/git-sensor/pkg/git/RepositoryManager.go:443.17,445.4 1 0
github.com/devtron-labs/git-sensor/pkg/git/RepositoryManager.go:447.38,449.12 2 1
github.com/devtron-labs/git-sensor/pkg/git/RepositoryManager.go:453.23,455.4 1 0
github.com/devtron-labs/git-sensor/pkg/git/RepositoryManager.go:457.35,459.4 1 1
github.com/devtron-labs/git-sensor/pkg/git/RepositoryManager.go:462.23,463.49 1 0
github.com/devtron-labs/git-sensor/pkg/git/RepositoryManager.go:463.49,465.5 1 0
github.com/devtron-labs/git-sensor/pkg/git/RepositoryManager.go:469.30,471.3 1 1
github.com/devtron-labs/git-sensor/pkg/git/RepositoryManager.go:475.108,476.18 1 1
github.com/devtron-labs/git-sensor/pkg/git/RepositoryManager.go:479.2,480.6 2 1
github.com/devtron-labs/git-sensor/pkg/git/RepositoryManager.go:476.18,478.3 1 0
github.com/devtron-labs/git-sensor/pkg/git/RepositoryManager.go:480.6,483.7 3 1
github.com/devtron-labs/git-sensor/pkg/git/RepositoryManager.go:490.3,490.44 1 1
github.com/devtron-labs/git-sensor/pkg/git/RepositoryManager.go:493.3,493.26 1 1
github.com/devtron-labs/git-sensor/pkg/git/RepositoryManager.go:500.3,500.19 1 0
github.com/devtron-labs/git-sensor/pkg/git/RepositoryManager.go:483.7,485.21 2 1
github.com/devtron-labs/git-sensor/pkg/git/RepositoryManager.go:488.4,488.32 1 1
github.com/devtron-labs/git-sensor/pkg/git/RepositoryManager.go:485.21,486.10 1 1
github.com/devtron-labs/git-sensor/pkg/git/RepositoryManager.go:490.44,492.4 1 0
github.com/devtron-labs/git-sensor/pkg/git/RepositoryManager.go:493.26,496.4 2 1
github.com/devtron-labs/git-sensor/pkg/git/RepositoryManager.go:496.9,499.4 1 0
github.com/devtron-labs/git-sensor/pkg/git/RepositoryManager.go:504.57,505.25 1 1
github.com/devtron-labs/git-sensor/pkg/git/RepositoryManager.go:510.2,510.14 1 1
github.com/devtron-labs/git-sensor/pkg/git/RepositoryManager.go:505.25,506.43 1 1
github.com/devtron-labs/git-sensor/pkg/git/RepositoryManager.go:506.43,508.4 1 1
github.com/devtron-labs/git-sensor/pkg/git/RepositoryManager.go:513.67,514.16 1 1
github.com/devtron-labs/git-sensor/pkg/git/RepositoryManager.go:517.2,539.16 2 1
github.com/devtron-labs/git-sensor/pkg/git/RepositoryManager.go:545.2,545.8 1 1
github.com/devtron-labs/git-sensor/pkg/git/RepositoryManager.go:514.16,516.3 1 0
github.com/devtron-labs/git-sensor/pkg/git/RepositoryManager.go:539.16,544.3 1 0
github.com/devtron-labs/git-sensor/pkg/git/Util.go:44.85,48.18 3 0
github.com/devtron-labs/git-sensor/pkg/git/Util.go:54.2,56.16 3 0
github.com/devtron-labs/git-sensor/pkg/git/Util.go:61.2,61.66 1 0
github.com/devtron-labs/git-sensor/pkg/git/Util.go:48.18,52.3 3 0
github.com/devtron-labs/git-sensor/pkg/git/Util.go:56.16,59.3 2 0
github.com/devtron-labs/git-sensor/pkg/git/Util.go:64.95,65.30 1 0
github.com/devtron-labs/git-sensor/pkg/git/Util.go:66.39,67.57 1 0
github.com/devtron-labs/git-sensor/pkg/git/Util.go:68.34,70.60 1 0
github.com/devtron-labs/git-sensor/pkg/git/Util.go:71.31,72.21 1 0
github.com/devtron-labs/git-sensor/pkg/git/Util.go:73.25,74.21 1 0
github.com/devtron-labs/git-sensor/pkg/git/Util.go:75.10,76.68 1 0
github.com/devtron-labs/git-sensor/pkg/git/Util.go:80.120,85.63 3 1
github.com/devtron-labs/git-sensor/pkg/git/Util.go:90.2,91.16 2 1
github.com/devtron-labs/git-sensor/pkg/git/Util.go:96.2,97.16 2 1
github.com/devtron-labs/git-sensor/pkg/git/Util.go:101.2,101.35 1 1
github.com/devtron-labs/git-sensor/pkg/git/Util.go:85.63,87.3 1 0
github.com/devtron-labs/git-sensor/pkg/git/Util.go:91.16,93.3 1 0
github.com/devtron-labs/git-sensor/pkg/git/Util.go:97.16,99.3 1 0
github.com/devtron-labs/git-sensor/pkg/git/Util.go:104.94,109.63 3 0
github.com/devtron-labs/git-sensor/pkg/git/Util.go:114.2,115.16 2 0
github.com/devtron-labs/git-sensor/pkg/git/Util.go:120.2,121.16 2 0
github.com/devtron-labs/git-sensor/pkg/git/Util.go:125.2,125.12 1 0
github.com/devtron-labs/git-sensor/pkg/git/Util.go:109.63,111.3 1 0
github.com/devtron-labs/git-sensor/pkg/git/Util.go:115.16,117.3 1 0
github.com/devtron-labs/git-sensor/pkg/git/Util.go:121.16,123.3 1 0
github.com/devtron-labs/git-sensor/pkg/git/Watcher.go:65.143,69.16 3 0
github.com/devtron-labs/git-sensor/pkg/git/Watcher.go:72.2,92.16 7 0
github.com/devtron-labs/git-sensor/pkg/git/Watcher.go:98.2,99.21 2 0
github.com/devtron-labs/git-sensor/pkg/git/Watcher.go:69.16,71.3 1 0
github.com/devtron-labs/git-sensor/pkg/git/Watcher.go:92.16,95.3 2 0
github.com/devtron-labs/git-sensor/pkg/git/Watcher.go:101.39,103.2 1 0
github.com/devtron-labs/git-sensor/pkg/git/Watcher.go:105.36,108.16 3 0
github.com/devtron-labs/git-sensor/pkg/git/Watcher.go:113.2,115.44 3 0
github.com/devtron-labs/git-sensor/pkg/git/Watcher.go:108.16,111.3 2 0
github.com/devtron-labs/git-sensor/pkg/git/Watcher.go:118.71,120.37 2 0
github.com/devtron-labs/git-sensor/pkg/git/Watcher.go:133.2,133.15 1 0
github.com/devtron-labs/git-sensor/pkg/git/Watcher.go:120.37,121.45 1 0
github.com/devtron-labs/git-sensor/pkg/git/Watcher.go:125.3,126.20 2 0
github.com/devtron-labs/git-sensor/pkg/git/Watcher.go:121.45,123.12 2 0
github.com/devtron-labs/git-sensor/pkg/git/Watcher.go:126.20,128.18 2 0
github.com/devtron-labs/git-sensor/pkg/git/Watcher.go:128.18,130.5 1 0
github.com/devtron-labs/git-sensor/pkg/git/Watcher.go:136.106,139.2 1 0
github.com/devtron-labs/git-sensor/pkg/git/Watcher.go:141.109,144.15 3 0
github.com/devtron-labs/git-sensor/pkg/git/Watcher.go:148.2,149.16 2 0
github.com/devtron-labs/git-sensor/pkg/git/Watcher.go:153.2,156.16 4 0
github.com/devtron-labs/git-sensor/pkg/git/Watcher.go:163.2,164.16 2 0
github.com/devtron-labs/git-sensor/pkg/git/Watcher.go:167.2,167.22 1 0
github.com/devtron-labs/git-sensor/pkg/git/Watcher.go:144.15,147.3 2 0
github.com/devtron-labs/git-sensor/pkg/git/Watcher.go:149.16,152.3 2 0
github.com/devtron-labs/git-sensor/pkg/git/Watcher.go:156.16,159.3 2 0
github.com/devtron-labs/git-sensor/pkg/git/Watcher.go:159.8,162.3 2 0
github.com/devtron-labs/git-sensor/pkg/git/Watcher.go:164.16,166.3 1 0
github.com/devtron-labs/git-sensor/pkg/git/Watcher.go:170.86,174.16 4 0
github.com/devtron-labs/git-sensor/pkg/git/Watcher.go:178.2,183.16 3 0
github.com/devtron-labs/git-sensor/pkg/git/Watcher.go:203.2,203.14 1 0
github.com/devtron-labs/git-sensor/pkg/git/Watcher.go:206.2,207.16 2 0
github.com/devtron-labs/git-sensor/pkg/git/Watcher.go:211.2,214.37 4 0
github.com/devtron-labs/git-sensor/pkg/git/Watcher.go:252.2,252.36 1 0
github.com/devtron-labs/git-sensor/pkg/git/Watcher.go:263.2,263.37 1 0
github.com/devtron-labs/git-sensor/pkg/git/Watcher.go:270.2,270.12 1 0
github.com/devtron-labs/git-sensor/pkg/git/Watcher.go:174.16,177.3 2 0
github.com/devtron-labs/git-sensor/pkg/git/Watcher.go:183.16,186.48 2 0
github.com/devtron-labs/git-sensor/pkg/git/Watcher.go:186.48,188.18 2 0
github.com/devtron-labs/git-sensor/pkg/git/Watcher.go:188.18,191.5 2 0
github.com/devtron-labs/git-sensor/pkg/git/Watcher.go:191.10,194.19 3 0
github.com/devtron-labs/git-sensor/pkg/git/Watcher.go:194.19,197.6 2 0
github.com/devtron-labs/git-sensor/pkg/git/Watcher.go:199.9,201.4 1 0
github.com/devtron-labs/git-sensor/pkg/git/Watcher.go:203.14,205.3 1 0
github.com/devtron-labs/git-sensor/pkg/git/Watcher.go:207.16,210.3 2 0
github.com/devtron-labs/git-sensor/pkg/git/Watcher.go:214.37,215.52 1 0
github.com/devtron-labs/git-sensor/pkg/git/Watcher.go:218.3,222.17 4 0
github.com/devtron-labs/git-sensor/pkg/git/Watcher.go:215.52,216.12 1 0
github.com/devtron-labs/git-sensor/pkg/git/Watcher.go:222.17,226.4 3 0
github.com/devtron-labs/git-sensor/pkg/git/Watcher.go:226.9,226.30 1 0
github.com/devtron-labs/git-sensor/pkg/git/Watcher.go:226.30,228.52 2 0
github.com/devtron-labs/git-sensor/pkg/git/Watcher.go:249.4,249.63 1 0
github.com/devtron-labs/git-sensor/pkg/git/Watcher.go:228.52,248.5 10 0
github.com/devtron-labs/git-sensor/pkg/git/Watcher.go:252.36,254.17 2 0
github.com/devtron-labs/git-sensor/pkg/git/Watcher.go:257.3,258.17 2 0
github.com/devtron-labs/git-sensor/pkg/git/Watcher.go:254.17,256.4 1 0
github.com/devtron-labs/git-sensor/pkg/git/Watcher.go:258.17,261.4 2 0
github.com/devtron-labs/git-sensor/pkg/git/Watcher.go:263.37,265.17 2 0
github.com/devtron-labs/git-sensor/pkg/git/Watcher.go:265.17,268.4 2 0
github.com/devtron-labs/git-sensor/pkg/git/Watcher.go:273.125,276.37 2 0
github.com/devtron-labs/git-sensor/pkg/git/Watcher.go:293.2,293.12 1 0
github.com/devtron-labs/git-sensor/pkg/git/Watcher.go:276.37,278.15 2 0
github.com/devtron-labs/git-sensor/pkg/git/Watcher.go:282.3,283.17 2 0
github.com/devtron-labs/git-sensor/pkg/git/Watcher.go:287.3,288.17 2 0
github.com/devtron-labs/git-sensor/pkg/git/Watcher.go:278.15,280.12 2 0
github.com/devtron-labs/git-sensor/pkg/git/Watcher.go:283.17,285.12 2 0
github.com/devtron-labs/git-sensor/pkg/git/Watcher.go:288.17,290.4 1 0
github.com/devtron-labs/git-sensor/pkg/git/Watcher.go:296.58,297.42 1 0
github.com/devtron-labs/git-sensor/pkg/git/Watcher.go:308.2,309.12 2 0
github.com/devtron-labs/git-sensor/pkg/git/Watcher.go:297.42,302.17 4 0
github.com/devtron-labs/git-sensor/pkg/git/Watcher.go:306.3,306.55 1 0
github.com/devtron-labs/git-sensor/pkg/git/Watcher.go:302.17,305.4 2 0
github.com/devtron-labs/git-sensor/pkg/git/Watcher.go:312.104,316.41 4 0
github.com/devtron-labs/git-sensor/pkg/git/Watcher.go:320.2,320.49 1 0
github.com/devtron-labs/git-sensor/pkg/git/Watcher.go:324.2,327.16 4 0
github.com/devtron-labs/git-sensor/pkg/git/Watcher.go:331.2,332.68 2 0
github.com/devtron-labs/git-sensor/pkg/git/Watcher.go:336.2,336.41 1 0
github.com/devtron-labs/git-sensor/pkg/git/Watcher.go:340.2,341.40 2 0
github.com/devtron-labs/git-sensor/pkg/git/Watcher.go:382.2,382.17 1 0
github.com/devtron-labs/git-sensor/pkg/git/Watcher.go:316.41,319.3 2 0
github.com/devtron-labs/git-sensor/pkg/git/Watcher.go:320.49,323.3 2 0
github.com/devtron-labs/git-sensor/pkg/git/Watcher.go:327.16,330.3 2 0
github.com/devtron-labs/git-sensor/pkg/git/Watcher.go:332.68,335.3 2 0
github.com/devtron-labs/git-sensor/pkg/git/Watcher.go:336.41,339.3 2 0
github.com/devtron-labs/git-sensor/pkg/git/Watcher.go:341.40,346.54 4 0
github.com/devtron-labs/git-sensor/pkg/git/Watcher.go:350.3,350.38 1 0
github.com/devtron-labs/git-sensor/pkg/git/Watcher.go:360.3,360.16 1 0
github.com/devtron-labs/git-sensor/pkg/git/Watcher.go:346.54,349.4 2 0
github.com/devtron-labs/git-sensor/pkg/git/Watcher.go:350.38,352.18 2 0
github.com/devtron-labs/git-sensor/pkg/git/Watcher.go:355.4,355.13 1 0
github.com/devtron-labs/git-sensor/pkg/git/Watcher.go:352.18,353.13 1 0
github.com/devtron-labs/git-sensor/pkg/git/Watcher.go:355.13,357.10 2 0
github.com/devtron-labs/git-sensor/pkg/git/Watcher.go:360.16,361.23 1 0
github.com/devtron-labs/git-sensor/pkg/git/Watcher.go:368.4,368.19 1 0
github.com/devtron-labs/git-sensor/pkg/git/Watcher.go:361.23,364.5 1 0
github.com/devtron-labs/git-sensor/pkg/git/Watcher.go:364.10,367.5 1 0
github.com/devtron-labs/git-sensor/pkg/git/Watcher.go:369.9,369.24 1 0
github.com/devtron-labs/git-sensor/pkg/git/Watcher.go:369.24,371.23 1 0
github.com/devtron-labs/git-sensor/pkg/git/Watcher.go:376.4,376.19 1 0
github.com/devtron-labs/git-sensor/pkg/git/Watcher.go:371.23,373.5 1 0
github.com/devtron-labs/git-sensor/pkg/git/Watcher.go:373.10,375.5 1 0
github.com/devtron-labs/git-sensor/pkg/git/Watcher.go:377.10,379.4 0 0
github.com/devtron-labs/git-sensor/pkg/git/Watcher.go:389.76,391.2 1 0
github.com/devtron-labs/git-sensor/pkg/git/Watcher.go:393.88,396.2 2 0
github.com/devtron-labs/git-sensor/pkg/git/WebhookEventService.go:55.28,66.2 1 0
github.com/devtron-labs/git-sensor/pkg/git/WebhookEventService.go:68.125,71.2 2 0
github.com/devtron-labs/git-sensor/pkg/git/WebhookEventService.go:73.150,76.24 2 0
github.com/devtron-labs/git-sensor/pkg/git/WebhookEventService.go:80.2,81.16 2 0
github.com/devtron-labs/git-sensor/pkg/git/WebhookEventService.go:86.2,86.36 1 0
github.com/devtron-labs/git-sensor/pkg/git/WebhookEventService.go:76.24,78.3 1 0
github.com/devtron-labs/git-sensor/pkg/git/WebhookEventService.go:81.16,84.3 2 0
github.com/devtron-labs/git-sensor/pkg/git/WebhookEventService.go:89.122,92.16 3 0
github.com/devtron-labs/git-sensor/pkg/git/WebhookEventService.go:96.2,96.12 1 0
github.com/devtron-labs/git-sensor/pkg/git/WebhookEventService.go:92.16,95.3 2 0
github.com/devtron-labs/git-sensor/pkg/git/WebhookEventService.go:99.124,102.16 3 0
github.com/devtron-labs/git-sensor/pkg/git/WebhookEventService.go:106.2,106.12 1 0
github.com/devtron-labs/git-sensor/pkg/git/WebhookEventService.go:102.16,105.3 2 0
github.com/devtron-labs/git-sensor/pkg/git/WebhookEventService.go:109.191,116.29 4 0
github.com/devtron-labs/git-sensor/pkg/git/WebhookEventService.go:120.2,120.32 1 0
github.com/devtron-labs/git-sensor/pkg/git/WebhookEventService.go:129.2,136.16 7 0
github.com/devtron-labs/git-sensor/pkg/git/WebhookEventService.go:141.2,141.25 1 0
github.com/devtron-labs/git-sensor/pkg/git/WebhookEventService.go:146.2,146.37 1 0
github.com/devtron-labs/git-sensor/pkg/git/WebhookEventService.go:195.2,195.12 1 0
github.com/devtron-labs/git-sensor/pkg/git/WebhookEventService.go:116.29,119.3 2 0
github.com/devtron-labs/git-sensor/pkg/git/WebhookEventService.go:120.32,122.34 2 0
github.com/devtron-labs/git-sensor/pkg/git/WebhookEventService.go:122.34,126.4 3 0
github.com/devtron-labs/git-sensor/pkg/git/WebhookEventService.go:136.16,139.3 2 0
github.com/devtron-labs/git-sensor/pkg/git/WebhookEventService.go:141.25,144.3 2 0
github.com/devtron-labs/git-sensor/pkg/git/WebhookEventService.go:146.37,150.36 3 0
github.com/devtron-labs/git-sensor/pkg/git/WebhookEventService.go:155.3,155.58 1 0
github.com/devtron-labs/git-sensor/pkg/git/WebhookEventService.go:150.36,152.12 2 0
github.com/devtron-labs/git-sensor/pkg/git/WebhookEventService.go:155.58,160.58 2 0
github.com/devtron-labs/git-sensor/pkg/git/WebhookEventService.go:165.4,167.18 3 0
github.com/devtron-labs/git-sensor/pkg/git/WebhookEventService.go:171.4,175.18 3 0
github.com/devtron-labs/git-sensor/pkg/git/WebhookEventService.go:181.4,184.18 4 0
github.com/devtron-labs/git-sensor/pkg/git/WebhookEventService.go:189.4,189.20 1 0
github.com/devtron-labs/git-sensor/pkg/git/WebhookEventService.go:160.58,161.13 1 0
github.com/devtron-labs/git-sensor/pkg/git/WebhookEventService.go:167.18,170.5 2 0
github.com/devtron-labs/git-sensor/pkg/git/WebhookEventService.go:175.18,178.5 2 0
github.com/devtron-labs/git-sensor/pkg/git/WebhookEventService.go:184.18,186.5 1 0
github.com/devtron-labs/git-sensor/pkg/git/WebhookEventService.go:189.20,191.5 1 0
github.com/devtron-labs/git-sensor/pkg/git/WebhookEventService.go:198.219,202.16 3 0
github.com/devtron-labs/git-sensor/pkg/git/WebhookEventService.go:208.2,208.48 1 0
github.com/devtron-labs/git-sensor/pkg/git/WebhookEventService.go:215.2,216.25 2 0
github.com/devtron-labs/git-sensor/pkg/git/WebhookEventService.go:220.2,224.43 3 0
github.com/devtron-labs/git-sensor/pkg/git/WebhookEventService.go:263.2,263.41 1 0
github.com/devtron-labs/git-sensor/pkg/git/WebhookEventService.go:202.16,205.3 2 0
github.com/devtron-labs/git-sensor/pkg/git/WebhookEventService.go:208.48,210.3 1 0
github.com/devtron-labs/git-sensor/pkg/git/WebhookEventService.go:216.25,218.3 1 0
github.com/devtron-labs/git-sensor/pkg/git/WebhookEventService.go:224.43,227.25 1 0
github.com/devtron-labs/git-sensor/pkg/git/WebhookEventService.go:231.3,244.36 5 0
github.com/devtron-labs/git-sensor/pkg/git/WebhookEventService.go:257.3,257.41 1 0
github.com/devtron-labs/git-sensor/pkg/git/WebhookEventService.go:227.25,228.12 1 0
github.com/devtron-labs/git-sensor/pkg/git/WebhookEventService.go:244.36,246.28 2 0
github.com/devtron-labs/git-sensor/pkg/git/WebhookEventService.go:252.4,252.54 1 0
github.com/devtron-labs/git-sensor/pkg/git/WebhookEventService.go:246.28,248.5 1 0
github.com/devtron-labs/git-sensor/pkg/git/WebhookEventService.go:248.10,251.5 2 0
github.com/devtron-labs/git-sensor/pkg/git/WebhookEventService.go:252.54,254.5 1 0
github.com/devtron-labs/git-sensor/pkg/git/WebhookEventService.go:257.41,259.4 1 0
github.com/devtron-labs/git-sensor/pkg/git/WebhookEventService.go:266.99,271.35 5 0
github.com/devtron-labs/git-sensor/pkg/git/WebhookEventService.go:276.2,276.22 1 0
github.com/devtron-labs/git-sensor/pkg/git/WebhookEventService.go:271.35,272.41 1 0
github.com/devtron-labs/git-sensor/pkg/git/WebhookEventService.go:272.41,274.4 1 0
github.com/devtron-labs/git-sensor/pkg/git/WebhookEventService.go:279.248,294.2 3 0
github.com/devtron-labs/git-sensor/pkg/git/WebhookEventService.go:296.93,300.16 3 0
github.com/devtron-labs/git-sensor/pkg/git/WebhookEventService.go:305.2,306.16 2 0
github.com/devtron-labs/git-sensor/pkg/git/WebhookEventService.go:310.2,310.12 1 0
github.com/devtron-labs/git-sensor/pkg/git/WebhookEventService.go:300.16,303.3 2 0
github.com/devtron-labs/git-sensor/pkg/git/WebhookEventService.go:306.16,308.3 1 0
github.com/devtron-labs/git-sensor/pkg/git/WebhookEventService.go:313.223,317.16 3 0
github.com/devtron-labs/git-sensor/pkg/git/WebhookEventService.go:322.2,332.18 3 0
github.com/devtron-labs/git-sensor/pkg/git/WebhookEventService.go:344.2,344.16 1 0
github.com/devtron-labs/git-sensor/pkg/git/WebhookEventService.go:349.2,349.130 1 0
github.com/devtron-labs/git-sensor/pkg/git/WebhookEventService.go:317.16,320.3 2 0
github.com/devtron-labs/git-sensor/pkg/git/WebhookEventService.go:332.18,337.3 3 0
github.com/devtron-labs/git-sensor/pkg/git/WebhookEventService.go:337.8,342.3 3 0
github.com/devtron-labs/git-sensor/pkg/git/WebhookEventService.go:344.16,347.3 2 0
github.com/devtron-labs/git-sensor/pkg/git/WebhookEventService.go:352.206,356.19 2 0
github.com/devtron-labs/git-sensor/pkg/git/WebhookEventService.go:364.2,364.29 1 0
github.com/devtron-labs/git-sensor/pkg/git/WebhookEventService.go:368.2,368.45 1 0
github.com/devtron-labs/git-sensor/pkg/git/WebhookEventService.go:374.2,375.16 2 0
github.com/devtron-labs/git-sensor/pkg/git/WebhookEventService.go:380.2,380.12 1 0
github.com/devtron-labs/git-sensor/pkg/git/WebhookEventService.go:356.19,358.17 2 0
github.com/devtron-labs/git-sensor/pkg/git/WebhookEventService.go:358.17,361.4 2 0
github.com/devtron-labs/git-sensor/pkg/git/WebhookEventService.go:364.29,366.3 1 0
github.com/devtron-labs/git-sensor/pkg/git/WebhookEventService.go:368.45,371.3 2 0
github.com/devtron-labs/git-sensor/pkg/git/WebhookEventService.go:375.16,378.3 2 0
github.com/devtron-labs/git-sensor/pkg/git/Bean.go:67.65,69.40 2 1
github.com/devtron-labs/git-sensor/pkg/git/Bean.go:69.40,71.3 1 0
github.com/devtron-labs/git-sensor/pkg/git/WebhookEventBeanConverter.go:31.72,35.2 1 0
github.com/devtron-labs/git-sensor/pkg/git/WebhookEventBeanConverter.go:37.129,43.2 1 0
github.com/devtron-labs/git-sensor/pkg/git/WebhookEventBeanConverter.go:45.139,60.62 3 0
github.com/devtron-labs/git-sensor/pkg/git/WebhookEventBeanConverter.go:77.2,79.21 2 0
github.com/devtron-labs/git-sensor/pkg/git/WebhookEventBeanConverter.go:60.62,75.3 2 0
github.com/devtron-labs/git-sensor/pkg/git/WebhookEventParser.go:35.83,39.2 1 0
github.com/devtron-labs/git-sensor/pkg/git/WebhookEventParser.go:55.177,66.37 6 0
github.com/devtron-labs/git-sensor/pkg/git/WebhookEventParser.go:94.2,100.47 5 0
github.com/devtron-labs/git-sensor/pkg/git/WebhookEventParser.go:66.37,69.15 3 0
github.com/devtron-labs/git-sensor/pkg/git/WebhookEventParser.go:70.40,71.54 1 0
github.com/devtron-labs/git-sensor/pkg/git/WebhookEventParser.go:72.35,73.64 1 0
github.com/devtron-labs/git-sensor/pkg/git/WebhookEventParser.go:76.4,76.23 1 0
github.com/devtron-labs/git-sensor/pkg/git/WebhookEventParser.go:79.4,79.37 1 0
github.com/devtron-labs/git-sensor/pkg/git/WebhookEventParser.go:82.4,82.38 1 0
github.com/devtron-labs/git-sensor/pkg/git/WebhookEventParser.go:83.11,84.23 1 0
github.com/devtron-labs/git-sensor/pkg/git/WebhookEventParser.go:87.4,87.37 1 0
github.com/devtron-labs/git-sensor/pkg/git/WebhookEventParser.go:90.4,90.38 1 0
github.com/devtron-labs/git-sensor/pkg/git/WebhookEventParser.go:73.64,75.5 1 0
github.com/devtron-labs/git-sensor/pkg/git/WebhookEventParser.go:76.23,78.5 1 0
github.com/devtron-labs/git-sensor/pkg/git/WebhookEventParser.go:79.37,81.5 1 0
github.com/devtron-labs/git-sensor/pkg/git/WebhookEventParser.go:84.23,86.5 1 0
github.com/devtron-labs/git-sensor/pkg/git/WebhookEventParser.go:87.37,89.5 1 0
github.com/devtron-labs/git-sensor/pkg/git/WebhookHandler.go:36.155,42.2 1 0
github.com/devtron-labs/git-sensor/pkg/git/WebhookHandler.go:44.85,56.16 8 0
github.com/devtron-labs/git-sensor/pkg/git/WebhookHandler.go:61.2,61.22 1 0
github.com/devtron-labs/git-sensor/pkg/git/WebhookHandler.go:67.2,68.31 2 0
github.com/devtron-labs/git-sensor/pkg/git/WebhookHandler.go:117.2,117.12 1 0
github.com/devtron-labs/git-sensor/pkg/git/WebhookHandler.go:56.16,59.3 2 0
github.com/devtron-labs/git-sensor/pkg/git/WebhookHandler.go:61.22,64.3 2 0
github.com/devtron-labs/git-sensor/pkg/git/WebhookHandler.go:68.31,69.35 1 0
github.com/devtron-labs/git-sensor/pkg/git/WebhookHandler.go:76.3,80.17 3 0
github.com/devtron-labs/git-sensor/pkg/git/WebhookHandler.go:86.3,92.17 5 0
github.com/devtron-labs/git-sensor/pkg/git/WebhookHandler.go:98.3,98.39 1 0
github.com/devtron-labs/git-sensor/pkg/git/WebhookHandler.go:109.3,110.17 2 0
github.com/devtron-labs/git-sensor/pkg/git/WebhookHandler.go:69.35,71.40 2 0
github.com/devtron-labs/git-sensor/pkg/git/WebhookHandler.go:71.40,72.13 1 0
github.com/devtron-labs/git-sensor/pkg/git/WebhookHandler.go:80.17,83.4 2 0
github.com/devtron-labs/git-sensor/pkg/git/WebhookHandler.go:92.17,95.4 2 0
github.com/devtron-labs/git-sensor/pkg/git/WebhookHandler.go:98.39,103.4 4 0
github.com/devtron-labs/git-sensor/pkg/git/WebhookHandler.go:103.9,106.4 2 0
github.com/devtron-labs/git-sensor/pkg/git/WebhookHandler.go:110.17,113.4 2 0
github.com/devtron-labs/git-sensor/pkg/git/WebhookHandler.go:120.44,121.22 1 0
github.com/devtron-labs/git-sensor/pkg/git/WebhookHandler.go:126.2,126.14 1 0
github.com/devtron-labs/git-sensor/pkg/git/WebhookHandler.go:121.22,122.15 1 0
github.com/devtron-labs/git-sensor/pkg/git/WebhookHandler.go:122.15,124.4 1 0
